INFO [2017-12-02 10:05:43] $scaled
INFO [2017-12-02 10:05:43] T
INFO [2017-12-02 10:05:43] 
INFO [2017-12-02 10:05:43] $x
INFO [2017-12-02 10:05:43] candidates
INFO [2017-12-02 10:05:43] 
INFO [2017-12-02 10:05:43] $filename
INFO [2017-12-02 10:05:43] NULL
INFO [2017-12-02 10:05:43] 
INFO [2017-12-02 10:05:43] $col
INFO [2017-12-02 10:05:43] [1] "black"
INFO [2017-12-02 10:05:43] 
INFO [2017-12-02 10:05:43] $fill
INFO [2017-12-02 10:05:43] c("white", "white")
INFO [2017-12-02 10:05:43] 
INFO [2017-12-02 10:05:43] $alpha
INFO [2017-12-02 10:05:43] [1] 0.5
INFO [2017-12-02 10:05:43] 
INFO [2017-12-02 10:05:43] $cex
INFO [2017-12-02 10:05:43] [1] 1
INFO [2017-12-02 10:05:43] 
INFO [2017-12-02 10:05:43] $fontfamily
INFO [2017-12-02 10:05:43] [1] "sans"
INFO [2017-12-02 10:05:43] 
INFO [2017-12-02 10:05:43] $cat.default.pos
INFO [2017-12-02 10:05:43] [1] "text"
INFO [2017-12-02 10:05:43] 
INFO [2017-12-02 10:05:43] $cat.cex
INFO [2017-12-02 10:05:43] [1] 1
INFO [2017-12-02 10:05:43] 
INFO [2017-12-02 10:05:43] $cat.fontfamily
INFO [2017-12-02 10:05:43] [1] "sans"
INFO [2017-12-02 10:05:43] 
