INFO [2017-12-02 10:03:34] $scaled
INFO [2017-12-02 10:03:34] T
INFO [2017-12-02 10:03:34] 
INFO [2017-12-02 10:03:34] $x
INFO [2017-12-02 10:03:34] candidates
INFO [2017-12-02 10:03:34] 
INFO [2017-12-02 10:03:34] $filename
INFO [2017-12-02 10:03:34] NULL
INFO [2017-12-02 10:03:34] 
INFO [2017-12-02 10:03:34] $col
INFO [2017-12-02 10:03:34] [1] "black"
INFO [2017-12-02 10:03:34] 
INFO [2017-12-02 10:03:34] $fill
INFO [2017-12-02 10:03:34] c("white", "white")
INFO [2017-12-02 10:03:34] 
INFO [2017-12-02 10:03:34] $alpha
INFO [2017-12-02 10:03:34] [1] 0.5
INFO [2017-12-02 10:03:34] 
INFO [2017-12-02 10:03:34] $cex
INFO [2017-12-02 10:03:34] [1] 1
INFO [2017-12-02 10:03:34] 
INFO [2017-12-02 10:03:34] $fontfamily
INFO [2017-12-02 10:03:34] [1] "sans"
INFO [2017-12-02 10:03:34] 
INFO [2017-12-02 10:03:34] $cat.default.pos
INFO [2017-12-02 10:03:34] [1] "text"
INFO [2017-12-02 10:03:34] 
INFO [2017-12-02 10:03:34] $cat.cex
INFO [2017-12-02 10:03:34] [1] 1
INFO [2017-12-02 10:03:34] 
INFO [2017-12-02 10:03:34] $cat.fontfamily
INFO [2017-12-02 10:03:34] [1] "sans"
INFO [2017-12-02 10:03:34] 
