INFO [2017-12-02 10:14:13] $scaled
INFO [2017-12-02 10:14:13] T
INFO [2017-12-02 10:14:13] 
INFO [2017-12-02 10:14:13] $x
INFO [2017-12-02 10:14:13] candidates
INFO [2017-12-02 10:14:13] 
INFO [2017-12-02 10:14:13] $filename
INFO [2017-12-02 10:14:13] NULL
INFO [2017-12-02 10:14:13] 
INFO [2017-12-02 10:14:13] $col
INFO [2017-12-02 10:14:13] [1] "black"
INFO [2017-12-02 10:14:13] 
INFO [2017-12-02 10:14:13] $fill
INFO [2017-12-02 10:14:13] c("white", "white")
INFO [2017-12-02 10:14:13] 
INFO [2017-12-02 10:14:13] $alpha
INFO [2017-12-02 10:14:13] [1] 0.5
INFO [2017-12-02 10:14:13] 
INFO [2017-12-02 10:14:13] $cex
INFO [2017-12-02 10:14:13] [1] 1
INFO [2017-12-02 10:14:13] 
INFO [2017-12-02 10:14:13] $fontfamily
INFO [2017-12-02 10:14:13] [1] "sans"
INFO [2017-12-02 10:14:13] 
INFO [2017-12-02 10:14:13] $cat.default.pos
INFO [2017-12-02 10:14:13] [1] "text"
INFO [2017-12-02 10:14:13] 
INFO [2017-12-02 10:14:13] $cat.cex
INFO [2017-12-02 10:14:13] [1] 1
INFO [2017-12-02 10:14:13] 
INFO [2017-12-02 10:14:13] $cat.fontfamily
INFO [2017-12-02 10:14:13] [1] "sans"
INFO [2017-12-02 10:14:13] 
